<?xml version="1.0" encoding="UTF-8"?>
<testng-results ignored="0" total="1" passed="1" failed="0" skipped="0">
  <reporter-output>
  </reporter-output>
  <suite started-at="2022-11-14T10:27:00 IST" name="Default suite" finished-at="2022-11-14T10:27:14 IST" duration-ms="14073">
    <groups>
    </groups>
    <test started-at="2022-11-14T10:27:00 IST" name="Default test" finished-at="2022-11-14T10:27:14 IST" duration-ms="14073">
      <class name="test.SwagLabsInventoryTest">
        <test-method is-config="true" signature="openInventorypage()[pri:0, instance:test.SwagLabsInventoryTest@42e99e4a]" started-at="2022-11-14T10:27:00 IST" name="openInventorypage" finished-at="2022-11-14T10:27:13 IST" duration-ms="12517" status="PASS">
          <reporter-output>
          </reporter-output>
        </test-method> <!-- openInventorypage -->
        <test-method signature="addToCart()[pri:0, instance:test.SwagLabsInventoryTest@42e99e4a]" started-at="2022-11-14T10:27:13 IST" name="addToCart" finished-at="2022-11-14T10:27:14 IST" duration-ms="1481" status="PASS">
          <reporter-output>
          </reporter-output>
        </test-method> <!-- addToCart -->
      </class> <!-- test.SwagLabsInventoryTest -->
    </test> <!-- Default test -->
  </suite> <!-- Default suite -->
</testng-results>
